{"/home/user/frontend-project-46/src/index.js": {"path":"/home/user/frontend-project-46/src/index.js","statementMap":{"0":{"start":{"line":6,"column":16},"end":{"line":6,"column":67}},"1":{"start":{"line":6,"column":30},"end":{"line":6,"column":67}},"2":{"start":{"line":7,"column":17},"end":{"line":7,"column":76}},"3":{"start":{"line":7,"column":31},"end":{"line":7,"column":76}},"4":{"start":{"line":9,"column":16},"end":{"line":30,"column":1}},"5":{"start":{"line":10,"column":16},"end":{"line":10,"column":35}},"6":{"start":{"line":11,"column":16},"end":{"line":11,"column":35}},"7":{"start":{"line":12,"column":21},"end":{"line":12,"column":38}},"8":{"start":{"line":13,"column":21},"end":{"line":13,"column":38}},"9":{"start":{"line":14,"column":15},"end":{"line":14,"column":60}},"10":{"start":{"line":15,"column":19},"end":{"line":15,"column":33}},"11":{"start":{"line":16,"column":17},"end":{"line":27,"column":4}},"12":{"start":{"line":17,"column":19},"end":{"line":17,"column":34}},"13":{"start":{"line":18,"column":19},"end":{"line":18,"column":34}},"14":{"start":{"line":19,"column":4},"end":{"line":21,"column":5}},"15":{"start":{"line":20,"column":6},"end":{"line":20,"column":37}},"16":{"start":{"line":21,"column":6},"end":{"line":23,"column":5}},"17":{"start":{"line":22,"column":6},"end":{"line":22,"column":37}},"18":{"start":{"line":23,"column":6},"end":{"line":25,"column":5}},"19":{"start":{"line":24,"column":6},"end":{"line":24,"column":58}},"20":{"start":{"line":26,"column":4},"end":{"line":26,"column":35}},"21":{"start":{"line":29,"column":2},"end":{"line":29,"column":38}}},"fnMap":{"0":{"name":"(anonymous_0)","decl":{"start":{"line":6,"column":16},"end":{"line":6,"column":17}},"loc":{"start":{"line":6,"column":30},"end":{"line":6,"column":67}},"line":6},"1":{"name":"(anonymous_1)","decl":{"start":{"line":7,"column":17},"end":{"line":7,"column":18}},"loc":{"start":{"line":7,"column":31},"end":{"line":7,"column":76}},"line":7},"2":{"name":"(anonymous_2)","decl":{"start":{"line":9,"column":16},"end":{"line":9,"column":17}},"loc":{"start":{"line":9,"column":42},"end":{"line":30,"column":1}},"line":9},"3":{"name":"(anonymous_3)","decl":{"start":{"line":16,"column":30},"end":{"line":16,"column":31}},"loc":{"start":{"line":16,"column":39},"end":{"line":27,"column":3}},"line":16}},"branchMap":{"0":{"loc":{"start":{"line":19,"column":4},"end":{"line":21,"column":5}},"type":"if","locations":[{"start":{"line":19,"column":4},"end":{"line":21,"column":5}},{"start":{},"end":{}}],"line":19},"1":{"loc":{"start":{"line":21,"column":6},"end":{"line":23,"column":5}},"type":"if","locations":[{"start":{"line":21,"column":6},"end":{"line":23,"column":5}},{"start":{},"end":{}}],"line":21},"2":{"loc":{"start":{"line":23,"column":6},"end":{"line":25,"column":5}},"type":"if","locations":[{"start":{"line":23,"column":6},"end":{"line":25,"column":5}},{"start":{},"end":{}}],"line":23}},"s":{"0":1,"1":2,"2":1,"3":2,"4":1,"5":1,"6":1,"7":1,"8":1,"9":1,"10":1,"11":1,"12":5,"13":5,"14":5,"15":1,"16":4,"17":2,"18":2,"19":1,"20":1,"21":1},"f":{"0":2,"1":2,"2":1,"3":5},"b":{"0":[1,4],"1":[2,2],"2":[1,1]},"_coverageSchema":"1a1c01bbd47fc00a2c39e90264f33305004495a9","hash":"3b777d204abb6007ad33a7778c71f4782c0b1893"}
}
