TN:
SF:__fixtures__/expected.js
FNF:0
FNH:0
DA:1,1
DA:2,1
DA:3,1
DA:4,1
DA:5,1
DA:6,1
DA:7,1
DA:8,1
DA:9,1
DA:10,1
DA:11,1
DA:12,1
DA:13,1
DA:14,1
DA:15,1
DA:16,1
DA:17,1
DA:18,1
DA:19,1
DA:20,1
DA:21,1
DA:22,1
DA:23,1
DA:24,1
DA:25,1
DA:26,1
DA:27,1
DA:28,1
DA:29,1
DA:30,1
DA:31,1
DA:32,1
DA:33,1
DA:34,1
DA:35,1
DA:36,1
DA:37,1
DA:38,1
DA:39,1
DA:40,1
DA:41,1
DA:42,1
DA:43,1
DA:44,1
DA:45,1
DA:46,1
LF:46
LH:46
BRF:0
BRH:0
end_of_record
TN:
SF:__fixtures__/expected1.js
FNF:0
FNH:0
DA:1,1
DA:2,1
DA:3,1
DA:4,1
DA:5,1
DA:6,1
DA:7,1
DA:8,1
LF:8
LH:8
BRF:0
BRH:0
end_of_record
TN:
SF:__fixtures__/expected2.js
FNF:0
FNH:0
DA:1,1
DA:2,1
DA:3,1
DA:4,1
DA:5,1
DA:6,1
DA:7,1
DA:8,1
DA:9,1
DA:10,1
DA:11,1
DA:12,1
DA:13,1
LF:13
LH:13
BRF:0
BRH:0
end_of_record
TN:
SF:__fixtures__/expected3.js
FNF:0
FNH:0
DA:1,1
DA:2,1
LF:2
LH:2
BRF:0
BRH:0
end_of_record
TN:
SF:src/compareFiles.js
FN:3,compareFiles
FNF:1
FNH:1
FNDA:16,compareFiles
DA:1,1
DA:2,1
DA:3,1
DA:4,16
DA:5,16
DA:6,16
DA:7,16
DA:8,16
DA:9,58
DA:10,18
DA:11,18
DA:12,18
DA:13,18
DA:14,18
DA:15,58
DA:16,7
DA:17,7
DA:18,7
DA:19,7
DA:20,7
DA:21,58
DA:22,12
DA:23,12
DA:24,12
DA:25,12
DA:26,12
DA:27,12
DA:28,58
DA:29,12
DA:30,12
DA:31,12
DA:32,12
DA:33,12
DA:34,12
DA:35,12
DA:36,9
DA:37,9
DA:38,9
DA:39,9
DA:40,9
DA:41,16
DA:42,16
DA:43,16
DA:44,16
DA:45,1
DA:46,1
LF:46
LH:46
BRDA:3,0,0,16
BRDA:8,1,0,58
BRDA:9,2,0,18
BRDA:15,3,0,40
BRDA:15,4,0,7
BRDA:21,5,0,33
BRDA:21,6,0,15
BRDA:21,7,0,12
BRDA:27,8,0,21
BRDA:28,9,0,12
BRDA:35,10,0,9
BRF:11
BRH:11
end_of_record
TN:
SF:src/index.js
FN:8,getPath
FN:9,readFile
FN:10,format
FN:12,genDiff
FNF:4
FNH:4
FNDA:8,getPath
FNDA:8,readFile
FNDA:8,format
FNDA:4,genDiff
DA:1,1
DA:2,1
DA:3,1
DA:4,1
DA:5,1
DA:6,1
DA:7,1
DA:8,1
DA:9,1
DA:10,1
DA:11,1
DA:12,1
DA:13,4
DA:14,4
DA:15,4
DA:16,4
DA:17,4
DA:18,4
DA:19,4
DA:20,4
DA:21,4
DA:22,1
DA:23,1
LF:23
LH:23
BRDA:8,0,0,8
BRDA:9,1,0,8
BRDA:10,2,0,8
BRDA:12,3,0,4
BRF:4
BRH:4
end_of_record
TN:
SF:src/parsers.js
FN:3,getFormat
FNF:1
FNH:1
FNDA:8,getFormat
DA:1,1
DA:2,1
DA:3,1
DA:4,8
DA:5,8
DA:6,1
DA:7,8
DA:8,3
DA:9,8
DA:10,3
DA:11,8
DA:12,1
DA:13,8
DA:14,8
DA:15,1
DA:16,1
LF:16
LH:16
BRDA:3,0,0,8
BRDA:5,1,0,1
BRDA:7,2,0,3
BRDA:9,3,0,3
BRDA:11,4,0,1
BRF:5
BRH:5
end_of_record
TN:
SF:src/formatter/index.js
FN:5,formatter
FNF:1
FNH:1
FNDA:4,formatter
DA:1,1
DA:2,1
DA:3,1
DA:4,1
DA:5,1
DA:6,4
DA:7,4
DA:8,2
DA:9,4
DA:10,1
DA:11,4
DA:12,1
DA:13,4
DA:14,0
DA:15,4
DA:16,4
DA:17,1
LF:17
LH:16
BRDA:5,0,0,4
BRDA:7,1,0,2
BRDA:9,2,0,1
BRDA:11,3,0,1
BRDA:13,4,0,0
BRF:5
BRH:4
end_of_record
TN:
SF:src/formatter/json.js
FN:1,json
FNF:1
FNH:1
FNDA:1,json
DA:1,1
DA:2,1
DA:3,1
LF:3
LH:3
BRDA:1,0,0,1
BRF:1
BRH:1
end_of_record
TN:
SF:src/formatter/plain.js
FN:3,stringify
FN:13,getPath
FN:15,plain
FN:16,iter
FNF:4
FNH:4
FNDA:13,stringify
FNDA:15,getPath
FNDA:1,plain
FNDA:5,iter
DA:1,1
DA:2,1
DA:3,1
DA:4,13
DA:5,3
DA:6,3
DA:7,13
DA:8,7
DA:9,7
DA:10,3
DA:11,3
DA:12,1
DA:13,1
DA:14,1
DA:15,1
DA:16,1
DA:17,5
DA:18,5
DA:19,15
DA:20,15
DA:21,15
DA:22,15
DA:23,15
DA:24,5
DA:25,15
DA:26,2
DA:27,15
DA:28,4
DA:29,15
DA:30,4
DA:31,15
DA:32,0
DA:33,15
DA:34,5
DA:35,5
DA:36,1
DA:37,1
DA:38,1
DA:39,1
LF:39
LH:38
BRDA:3,0,0,13
BRDA:4,1,0,3
BRDA:6,2,0,10
BRDA:7,3,0,7
BRDA:9,4,0,3
BRDA:13,5,0,15
BRDA:15,6,0,1
BRDA:16,7,0,5
BRDA:17,8,0,18
BRDA:18,9,0,15
BRDA:23,10,0,5
BRDA:25,11,0,2
BRDA:27,12,0,4
BRDA:29,13,0,4
BRDA:31,14,0,0
BRF:15
BRH:14
end_of_record
TN:
SF:src/formatter/stylish.js
FN:1,makeIndent
FN:2,makeBackIndent
FN:4,stringify
FN:16,stylish
FN:17,iter
FNF:5
FNH:5
FNDA:35,makeIndent
FNDA:11,makeBackIndent
FNDA:31,stringify
FNDA:2,stylish
FNDA:6,iter
DA:1,1
DA:2,1
DA:3,1
DA:4,1
DA:5,31
DA:6,24
DA:7,24
DA:8,7
DA:9,7
DA:10,7
DA:11,7
DA:12,7
DA:13,7
DA:14,7
DA:15,1
DA:16,1
DA:17,2
DA:18,6
DA:19,22
DA:20,22
DA:21,22
DA:22,22
DA:23,22
DA:24,22
DA:25,8
DA:26,22
DA:27,3
DA:28,22
DA:29,4
DA:30,22
DA:31,4
DA:32,22
DA:33,3
DA:34,22
DA:35,0
DA:36,22
DA:37,6
DA:38,6
DA:39,6
DA:40,2
DA:41,2
DA:42,2
DA:43,2
DA:44,1
DA:45,1
LF:45
LH:44
BRDA:1,0,0,35
BRDA:2,1,0,11
BRDA:4,2,0,31
BRDA:5,3,0,8
BRDA:5,4,0,24
BRDA:7,5,0,7
BRDA:10,6,0,9
BRDA:16,7,0,2
BRDA:17,8,0,6
BRDA:18,9,0,22
BRDA:24,10,0,8
BRDA:26,11,0,3
BRDA:28,12,0,4
BRDA:30,13,0,4
BRDA:32,14,0,3
BRDA:34,15,0,0
BRF:16
BRH:15
end_of_record
