TN:
SF:src/index.js
FN:6,getPath
FN:7,readFile
FN:9,genDiff
FNF:3
FNH:3
FNDA:2,getPath
FNDA:2,readFile
FNDA:1,genDiff
DA:1,1
DA:2,1
DA:3,1
DA:4,1
DA:5,1
DA:6,1
DA:7,1
DA:8,1
DA:9,1
DA:10,1
DA:11,1
DA:12,1
DA:13,1
DA:14,1
DA:15,1
DA:16,1
DA:17,5
DA:18,5
DA:19,5
DA:20,1
DA:21,5
DA:22,2
DA:23,5
DA:24,1
DA:25,1
DA:26,1
DA:27,1
DA:28,1
DA:29,1
DA:30,1
DA:31,1
DA:32,1
LF:32
LH:32
BRDA:6,0,0,2
BRDA:7,1,0,2
BRDA:9,2,0,1
BRDA:16,3,0,5
BRDA:19,4,0,1
BRDA:21,5,0,4
BRDA:21,6,0,2
BRDA:23,7,0,1
BRF:8
BRH:8
end_of_record
